1684414947.576470 client started (16841): version 3.3a, socket /tmp/tmux-1000/default, protocol 8
1684414947.576513 on Linux 6.2.15-300.fc38.x86_64 #1 SMP PREEMPT_DYNAMIC Thu May 11 17:37:39 UTC 2023
1684414947.576531 using libevent 2.1.12-stable (poll); ncurses 6.4
1684414947.576552 flags are 0x10010000
1684414947.576558 socket is /tmp/tmux-1000/default
1684414947.576584 trying connect
1684414947.576697 add peer 0x560b2e111f90: 6 ((nil))
1684414947.577316 sending message 100 to peer 0x560b2e111f90 (4 bytes)
1684414947.577331 sending message 111 to peer 0x560b2e111f90 (8 bytes)
1684414947.577339 sending message 101 to peer 0x560b2e111f90 (14 bytes)
1684414947.577346 sending message 109 to peer 0x560b2e111f90 (4 bytes)
1684414947.577354 sending message 102 to peer 0x560b2e111f90 (11 bytes)
1684414947.577361 sending message 108 to peer 0x560b2e111f90 (28 bytes)
1684414947.577368 sending message 112 to peer 0x560b2e111f90 (70 bytes)
1684414947.577376 sending message 112 to peer 0x560b2e111f90 (5 bytes)
1684414947.577383 sending message 112 to peer 0x560b2e111f90 (5 bytes)
1684414947.577390 sending message 112 to peer 0x560b2e111f90 (6 bytes)
1684414947.577397 sending message 112 to peer 0x560b2e111f90 (6 bytes)
1684414947.577404 sending message 112 to peer 0x560b2e111f90 (11 bytes)
1684414947.577411 sending message 112 to peer 0x560b2e111f90 (10 bytes)
1684414947.577418 sending message 112 to peer 0x560b2e111f90 (13 bytes)
1684414947.577424 sending message 112 to peer 0x560b2e111f90 (13 bytes)
1684414947.577431 sending message 112 to peer 0x560b2e111f90 (18 bytes)
1684414947.577438 sending message 112 to peer 0x560b2e111f90 (11 bytes)
1684414947.577445 sending message 112 to peer 0x560b2e111f90 (10 bytes)
1684414947.577452 sending message 112 to peer 0x560b2e111f90 (15 bytes)
1684414947.577459 sending message 112 to peer 0x560b2e111f90 (21 bytes)
1684414947.577465 sending message 112 to peer 0x560b2e111f90 (13 bytes)
1684414947.577472 sending message 112 to peer 0x560b2e111f90 (7 bytes)
1684414947.577479 sending message 112 to peer 0x560b2e111f90 (13 bytes)
1684414947.577486 sending message 112 to peer 0x560b2e111f90 (7 bytes)
1684414947.577493 sending message 112 to peer 0x560b2e111f90 (13 bytes)
1684414947.577499 sending message 112 to peer 0x560b2e111f90 (9 bytes)
1684414947.577506 sending message 112 to peer 0x560b2e111f90 (21 bytes)
1684414947.577513 sending message 112 to peer 0x560b2e111f90 (13 bytes)
1684414947.577520 sending message 112 to peer 0x560b2e111f90 (8 bytes)
1684414947.577526 sending message 112 to peer 0x560b2e111f90 (12 bytes)
1684414947.577533 sending message 112 to peer 0x560b2e111f90 (13 bytes)
1684414947.577540 sending message 112 to peer 0x560b2e111f90 (9 bytes)
1684414947.577547 sending message 112 to peer 0x560b2e111f90 (9 bytes)
1684414947.577554 sending message 112 to peer 0x560b2e111f90 (12 bytes)
1684414947.577560 sending message 112 to peer 0x560b2e111f90 (8 bytes)
1684414947.577567 sending message 112 to peer 0x560b2e111f90 (8 bytes)
1684414947.577574 sending message 112 to peer 0x560b2e111f90 (7 bytes)
1684414947.577581 sending message 112 to peer 0x560b2e111f90 (7 bytes)
1684414947.577587 sending message 112 to peer 0x560b2e111f90 (9 bytes)
1684414947.577594 sending message 112 to peer 0x560b2e111f90 (13 bytes)
1684414947.577601 sending message 112 to peer 0x560b2e111f90 (6 bytes)
1684414947.577608 sending message 112 to peer 0x560b2e111f90 (9 bytes)
1684414947.577615 sending message 112 to peer 0x560b2e111f90 (15 bytes)
1684414947.577622 sending message 112 to peer 0x560b2e111f90 (13 bytes)
1684414947.577628 sending message 112 to peer 0x560b2e111f90 (12 bytes)
1684414947.577636 sending message 112 to peer 0x560b2e111f90 (8 bytes)
1684414947.577643 sending message 112 to peer 0x560b2e111f90 (14 bytes)
1684414947.577649 sending message 112 to peer 0x560b2e111f90 (11 bytes)
1684414947.577656 sending message 112 to peer 0x560b2e111f90 (9 bytes)
1684414947.577663 sending message 112 to peer 0x560b2e111f90 (10 bytes)
1684414947.577670 sending message 112 to peer 0x560b2e111f90 (10 bytes)
1684414947.577676 sending message 112 to peer 0x560b2e111f90 (10 bytes)
1684414947.577704 sending message 112 to peer 0x560b2e111f90 (10 bytes)
1684414947.577713 sending message 112 to peer 0x560b2e111f90 (11 bytes)
1684414947.577720 sending message 112 to peer 0x560b2e111f90 (12 bytes)
1684414947.577727 sending message 112 to peer 0x560b2e111f90 (12 bytes)
1684414947.577734 sending message 112 to peer 0x560b2e111f90 (12 bytes)
1684414947.577740 sending message 112 to peer 0x560b2e111f90 (12 bytes)
1684414947.577747 sending message 112 to peer 0x560b2e111f90 (12 bytes)
1684414947.577754 sending message 112 to peer 0x560b2e111f90 (11 bytes)
1684414947.577761 sending message 112 to peer 0x560b2e111f90 (11 bytes)
1684414947.577768 sending message 112 to peer 0x560b2e111f90 (12 bytes)
1684414947.577775 sending message 112 to peer 0x560b2e111f90 (12 bytes)
1684414947.577782 sending message 112 to peer 0x560b2e111f90 (12 bytes)
1684414947.577788 sending message 112 to peer 0x560b2e111f90 (12 bytes)
1684414947.577795 sending message 112 to peer 0x560b2e111f90 (12 bytes)
1684414947.577802 sending message 112 to peer 0x560b2e111f90 (10 bytes)
1684414947.577809 sending message 112 to peer 0x560b2e111f90 (12 bytes)
1684414947.577816 sending message 112 to peer 0x560b2e111f90 (13 bytes)
1684414947.577823 sending message 112 to peer 0x560b2e111f90 (13 bytes)
1684414947.577830 sending message 112 to peer 0x560b2e111f90 (13 bytes)
1684414947.577837 sending message 112 to peer 0x560b2e111f90 (13 bytes)
1684414947.577844 sending message 112 to peer 0x560b2e111f90 (13 bytes)
1684414947.577850 sending message 112 to peer 0x560b2e111f90 (8 bytes)
1684414947.577857 sending message 112 to peer 0x560b2e111f90 (11 bytes)
1684414947.577864 sending message 112 to peer 0x560b2e111f90 (11 bytes)
1684414947.577871 sending message 112 to peer 0x560b2e111f90 (11 bytes)
1684414947.577878 sending message 112 to peer 0x560b2e111f90 (12 bytes)
1684414947.577882 sending message 112 to peer 0x560b2e111f90 (12 bytes)
1684414947.577884 sending message 112 to peer 0x560b2e111f90 (12 bytes)
1684414947.577886 sending message 112 to peer 0x560b2e111f90 (12 bytes)
1684414947.577887 sending message 112 to peer 0x560b2e111f90 (13 bytes)
1684414947.577889 sending message 112 to peer 0x560b2e111f90 (13 bytes)
1684414947.577891 sending message 112 to peer 0x560b2e111f90 (13 bytes)
1684414947.577893 sending message 112 to peer 0x560b2e111f90 (8 bytes)
1684414947.577894 sending message 112 to peer 0x560b2e111f90 (13 bytes)
1684414947.577896 sending message 112 to peer 0x560b2e111f90 (13 bytes)
1684414947.577898 sending message 112 to peer 0x560b2e111f90 (13 bytes)
1684414947.577900 sending message 112 to peer 0x560b2e111f90 (13 bytes)
1684414947.577902 sending message 112 to peer 0x560b2e111f90 (13 bytes)
1684414947.577903 sending message 112 to peer 0x560b2e111f90 (12 bytes)
1684414947.577905 sending message 112 to peer 0x560b2e111f90 (12 bytes)
1684414947.577907 sending message 112 to peer 0x560b2e111f90 (12 bytes)
1684414947.577909 sending message 112 to peer 0x560b2e111f90 (12 bytes)
1684414947.577910 sending message 112 to peer 0x560b2e111f90 (13 bytes)
1684414947.577912 sending message 112 to peer 0x560b2e111f90 (8 bytes)
1684414947.577914 sending message 112 to peer 0x560b2e111f90 (13 bytes)
1684414947.577916 sending message 112 to peer 0x560b2e111f90 (13 bytes)
1684414947.577917 sending message 112 to peer 0x560b2e111f90 (13 bytes)
1684414947.577919 sending message 112 to peer 0x560b2e111f90 (13 bytes)
1684414947.577921 sending message 112 to peer 0x560b2e111f90 (13 bytes)
1684414947.577923 sending message 112 to peer 0x560b2e111f90 (13 bytes)
1684414947.577924 sending message 112 to peer 0x560b2e111f90 (13 bytes)
1684414947.577926 sending message 112 to peer 0x560b2e111f90 (12 bytes)
1684414947.577928 sending message 112 to peer 0x560b2e111f90 (12 bytes)
1684414947.577930 sending message 112 to peer 0x560b2e111f90 (12 bytes)
1684414947.577931 sending message 112 to peer 0x560b2e111f90 (8 bytes)
1684414947.577933 sending message 112 to peer 0x560b2e111f90 (12 bytes)
1684414947.577937 sending message 112 to peer 0x560b2e111f90 (13 bytes)
1684414947.577939 sending message 112 to peer 0x560b2e111f90 (13 bytes)
1684414947.577941 sending message 112 to peer 0x560b2e111f90 (13 bytes)
1684414947.577942 sending message 112 to peer 0x560b2e111f90 (13 bytes)
1684414947.577944 sending message 112 to peer 0x560b2e111f90 (13 bytes)
1684414947.577946 sending message 112 to peer 0x560b2e111f90 (13 bytes)
1684414947.577947 sending message 112 to peer 0x560b2e111f90 (13 bytes)
1684414947.577949 sending message 112 to peer 0x560b2e111f90 (13 bytes)
1684414947.577951 sending message 112 to peer 0x560b2e111f90 (12 bytes)
1684414947.577953 sending message 112 to peer 0x560b2e111f90 (10 bytes)
1684414947.577954 sending message 112 to peer 0x560b2e111f90 (12 bytes)
1684414947.577956 sending message 112 to peer 0x560b2e111f90 (12 bytes)
1684414947.577958 sending message 112 to peer 0x560b2e111f90 (12 bytes)
1684414947.577960 sending message 112 to peer 0x560b2e111f90 (13 bytes)
1684414947.577961 sending message 112 to peer 0x560b2e111f90 (13 bytes)
1684414947.577963 sending message 112 to peer 0x560b2e111f90 (13 bytes)
1684414947.577965 sending message 112 to peer 0x560b2e111f90 (13 bytes)
1684414947.577966 sending message 112 to peer 0x560b2e111f90 (13 bytes)
1684414947.577968 sending message 112 to peer 0x560b2e111f90 (13 bytes)
1684414947.577970 sending message 112 to peer 0x560b2e111f90 (13 bytes)
1684414947.577972 sending message 112 to peer 0x560b2e111f90 (10 bytes)
1684414947.577973 sending message 112 to peer 0x560b2e111f90 (13 bytes)
1684414947.577975 sending message 112 to peer 0x560b2e111f90 (12 bytes)
1684414947.577977 sending message 112 to peer 0x560b2e111f90 (12 bytes)
1684414947.577979 sending message 112 to peer 0x560b2e111f90 (12 bytes)
1684414947.577980 sending message 112 to peer 0x560b2e111f90 (10 bytes)
1684414947.577982 sending message 112 to peer 0x560b2e111f90 (10 bytes)
1684414947.577984 sending message 112 to peer 0x560b2e111f90 (10 bytes)
1684414947.577985 sending message 112 to peer 0x560b2e111f90 (12 bytes)
1684414947.577987 sending message 112 to peer 0x560b2e111f90 (13 bytes)
1684414947.577989 sending message 112 to peer 0x560b2e111f90 (13 bytes)
1684414947.577991 sending message 112 to peer 0x560b2e111f90 (13 bytes)
1684414947.577992 sending message 112 to peer 0x560b2e111f90 (13 bytes)
1684414947.577994 sending message 112 to peer 0x560b2e111f90 (13 bytes)
1684414947.577996 sending message 112 to peer 0x560b2e111f90 (11 bytes)
1684414947.577998 sending message 112 to peer 0x560b2e111f90 (11 bytes)
1684414947.577999 sending message 112 to peer 0x560b2e111f90 (12 bytes)
1684414947.578001 sending message 112 to peer 0x560b2e111f90 (12 bytes)
1684414947.578003 sending message 112 to peer 0x560b2e111f90 (12 bytes)
1684414947.578005 sending message 112 to peer 0x560b2e111f90 (12 bytes)
1684414947.578006 sending message 112 to peer 0x560b2e111f90 (12 bytes)
1684414947.578008 sending message 112 to peer 0x560b2e111f90 (11 bytes)
1684414947.578010 sending message 112 to peer 0x560b2e111f90 (12 bytes)
1684414947.578011 sending message 112 to peer 0x560b2e111f90 (12 bytes)
1684414947.578013 sending message 112 to peer 0x560b2e111f90 (13 bytes)
1684414947.578015 sending message 112 to peer 0x560b2e111f90 (13 bytes)
1684414947.578017 sending message 112 to peer 0x560b2e111f90 (13 bytes)
1684414947.578018 sending message 112 to peer 0x560b2e111f90 (13 bytes)
1684414947.578020 sending message 112 to peer 0x560b2e111f90 (13 bytes)
1684414947.578022 sending message 112 to peer 0x560b2e111f90 (10 bytes)
1684414947.578024 sending message 112 to peer 0x560b2e111f90 (9 bytes)
1684414947.578025 sending message 112 to peer 0x560b2e111f90 (12 bytes)
1684414947.578027 sending message 112 to peer 0x560b2e111f90 (13 bytes)
1684414947.578029 sending message 112 to peer 0x560b2e111f90 (13 bytes)
1684414947.578031 sending message 112 to peer 0x560b2e111f90 (13 bytes)
1684414947.578032 sending message 112 to peer 0x560b2e111f90 (13 bytes)
1684414947.578034 sending message 112 to peer 0x560b2e111f90 (13 bytes)
1684414947.578038 sending message 112 to peer 0x560b2e111f90 (9 bytes)
1684414947.578040 sending message 112 to peer 0x560b2e111f90 (12 bytes)
1684414947.578041 sending message 112 to peer 0x560b2e111f90 (13 bytes)
1684414947.578043 sending message 112 to peer 0x560b2e111f90 (13 bytes)
1684414947.578045 sending message 112 to peer 0x560b2e111f90 (13 bytes)
1684414947.578047 sending message 112 to peer 0x560b2e111f90 (13 bytes)
1684414947.578048 sending message 112 to peer 0x560b2e111f90 (13 bytes)
1684414947.578050 sending message 112 to peer 0x560b2e111f90 (11 bytes)
1684414947.578052 sending message 112 to peer 0x560b2e111f90 (12 bytes)
1684414947.578054 sending message 112 to peer 0x560b2e111f90 (13 bytes)
1684414947.578055 sending message 112 to peer 0x560b2e111f90 (13 bytes)
1684414947.578057 sending message 112 to peer 0x560b2e111f90 (13 bytes)
1684414947.578059 sending message 112 to peer 0x560b2e111f90 (13 bytes)
1684414947.578061 sending message 112 to peer 0x560b2e111f90 (13 bytes)
1684414947.578062 sending message 112 to peer 0x560b2e111f90 (11 bytes)
1684414947.578064 sending message 112 to peer 0x560b2e111f90 (12 bytes)
1684414947.578066 sending message 112 to peer 0x560b2e111f90 (12 bytes)
1684414947.578067 sending message 112 to peer 0x560b2e111f90 (12 bytes)
1684414947.578069 sending message 112 to peer 0x560b2e111f90 (12 bytes)
1684414947.578071 sending message 112 to peer 0x560b2e111f90 (12 bytes)
1684414947.578073 sending message 112 to peer 0x560b2e111f90 (21 bytes)
1684414947.578074 sending message 112 to peer 0x560b2e111f90 (12 bytes)
1684414947.578076 sending message 112 to peer 0x560b2e111f90 (9 bytes)
1684414947.578078 sending message 112 to peer 0x560b2e111f90 (6 bytes)
1684414947.578080 sending message 112 to peer 0x560b2e111f90 (13 bytes)
1684414947.578081 sending message 112 to peer 0x560b2e111f90 (8 bytes)
1684414947.578083 sending message 112 to peer 0x560b2e111f90 (15 bytes)
1684414947.578085 sending message 112 to peer 0x560b2e111f90 (13 bytes)
1684414947.578087 sending message 112 to peer 0x560b2e111f90 (9 bytes)
1684414947.578088 sending message 112 to peer 0x560b2e111f90 (70 bytes)
1684414947.578090 sending message 112 to peer 0x560b2e111f90 (69 bytes)
1684414947.578092 sending message 112 to peer 0x560b2e111f90 (10 bytes)
1684414947.578094 sending message 112 to peer 0x560b2e111f90 (10 bytes)
1684414947.578095 sending message 112 to peer 0x560b2e111f90 (8 bytes)
1684414947.578097 sending message 112 to peer 0x560b2e111f90 (15 bytes)
1684414947.578099 sending message 112 to peer 0x560b2e111f90 (13 bytes)
1684414947.578101 sending message 112 to peer 0x560b2e111f90 (10 bytes)
1684414947.578102 sending message 112 to peer 0x560b2e111f90 (10 bytes)
1684414947.578104 sending message 112 to peer 0x560b2e111f90 (17 bytes)
1684414947.578106 sending message 112 to peer 0x560b2e111f90 (10 bytes)
1684414947.578110 sending message 112 to peer 0x560b2e111f90 (13 bytes)
1684414947.578112 sending message 112 to peer 0x560b2e111f90 (9 bytes)
1684414947.578113 sending message 112 to peer 0x560b2e111f90 (5 bytes)
1684414947.578115 sending message 112 to peer 0x560b2e111f90 (15 bytes)
1684414947.578118 sending message 104 to peer 0x560b2e111f90 (0 bytes)
1684414947.578119 sending message 110 to peer 0x560b2e111f90 (0 bytes)
1684414947.578121 sending message 107 to peer 0x560b2e111f90 (4 bytes)
1684414947.578123 sending message 105 to peer 0x560b2e111f90 (16 bytes)
1684414947.578125 sending message 105 to peer 0x560b2e111f90 (78 bytes)
1684414947.578128 sending message 105 to peer 0x560b2e111f90 (20 bytes)
1684414947.578130 sending message 105 to peer 0x560b2e111f90 (23 bytes)
1684414947.578132 sending message 105 to peer 0x560b2e111f90 (23 bytes)
1684414947.578134 sending message 105 to peer 0x560b2e111f90 (26 bytes)
1684414947.578136 sending message 105 to peer 0x560b2e111f90 (36 bytes)
1684414947.578138 sending message 105 to peer 0x560b2e111f90 (16 bytes)
1684414947.578140 sending message 105 to peer 0x560b2e111f90 (14 bytes)
1684414947.578142 sending message 105 to peer 0x560b2e111f90 (41 bytes)
1684414947.578146 sending message 105 to peer 0x560b2e111f90 (53 bytes)
1684414947.578148 sending message 105 to peer 0x560b2e111f90 (20 bytes)
1684414947.578150 sending message 105 to peer 0x560b2e111f90 (22 bytes)
1684414947.578152 sending message 105 to peer 0x560b2e111f90 (21 bytes)
1684414947.578154 sending message 105 to peer 0x560b2e111f90 (32 bytes)
1684414947.578156 sending message 105 to peer 0x560b2e111f90 (26 bytes)
1684414947.578158 sending message 105 to peer 0x560b2e111f90 (15 bytes)
1684414947.578160 sending message 105 to peer 0x560b2e111f90 (25 bytes)
1684414947.578162 sending message 105 to peer 0x560b2e111f90 (22 bytes)
1684414947.578163 sending message 105 to peer 0x560b2e111f90 (54 bytes)
1684414947.578165 sending message 105 to peer 0x560b2e111f90 (21 bytes)
1684414947.578167 sending message 105 to peer 0x560b2e111f90 (18 bytes)
1684414947.578169 sending message 105 to peer 0x560b2e111f90 (16 bytes)
1684414947.578171 sending message 105 to peer 0x560b2e111f90 (17 bytes)
1684414947.578173 sending message 105 to peer 0x560b2e111f90 (1770 bytes)
1684414947.578179 sending message 105 to peer 0x560b2e111f90 (26 bytes)
1684414947.578181 sending message 105 to peer 0x560b2e111f90 (17 bytes)
1684414947.578183 sending message 105 to peer 0x560b2e111f90 (26 bytes)
1684414947.578185 sending message 105 to peer 0x560b2e111f90 (86 bytes)
1684414947.578187 sending message 105 to peer 0x560b2e111f90 (73 bytes)
1684414947.578189 sending message 105 to peer 0x560b2e111f90 (23 bytes)
1684414947.578191 sending message 105 to peer 0x560b2e111f90 (23 bytes)
1684414947.578193 sending message 105 to peer 0x560b2e111f90 (19 bytes)
1684414947.578194 sending message 105 to peer 0x560b2e111f90 (35 bytes)
1684414947.578196 sending message 105 to peer 0x560b2e111f90 (12 bytes)
1684414947.578198 sending message 105 to peer 0x560b2e111f90 (13 bytes)
1684414947.578200 sending message 105 to peer 0x560b2e111f90 (30 bytes)
1684414947.578202 sending message 105 to peer 0x560b2e111f90 (11 bytes)
1684414947.578204 sending message 105 to peer 0x560b2e111f90 (8 bytes)
1684414947.578206 sending message 105 to peer 0x560b2e111f90 (18 bytes)
1684414947.578208 sending message 105 to peer 0x560b2e111f90 (31 bytes)
1684414947.578210 sending message 105 to peer 0x560b2e111f90 (55 bytes)
1684414947.578212 sending message 105 to peer 0x560b2e111f90 (123 bytes)
1684414947.578214 sending message 105 to peer 0x560b2e111f90 (138 bytes)
1684414947.578216 sending message 105 to peer 0x560b2e111f90 (17 bytes)
1684414947.578218 sending message 105 to peer 0x560b2e111f90 (54 bytes)
1684414947.578219 sending message 105 to peer 0x560b2e111f90 (28 bytes)
1684414947.578221 sending message 105 to peer 0x560b2e111f90 (18 bytes)
1684414947.578223 sending message 105 to peer 0x560b2e111f90 (16 bytes)
1684414947.578225 sending message 106 to peer 0x560b2e111f90 (0 bytes)
1684414947.578247 sending message 200 to peer 0x560b2e111f90 (4 bytes)
1684414947.578250 client loop enter
1684414947.578504 peer 0x560b2e111f90 message 303
1684414947.578507 open write file 2 -
1684414947.578511 sending message 305 to peer 0x560b2e111f90 (8 bytes)
1684414947.578516 write check file 2
1684414947.578542 peer 0x560b2e111f90 message 304
1684414947.578544 write 58 to file 2
1684414947.578547 peer 0x560b2e111f90 message 203
1684414947.578548 file 2 58 bytes left
1684414947.578553 write check file 2
1684414947.578555 client loop exit
